[debug] [2024-06-08T13:46:13.991Z] ----------------------------------------------------------------------
[debug] [2024-06-08T13:46:13.997Z] Command:       C:\Program Files\nodejs\node.exe C:\Users\7amzaMh\AppData\Roaming\npm\node_modules\firebase-tools\lib\bin\firebase.js emulators:start
[debug] [2024-06-08T13:46:13.998Z] CLI Version:   13.9.0
[debug] [2024-06-08T13:46:13.998Z] Platform:      win32
[debug] [2024-06-08T13:46:13.998Z] Node Version:  v20.12.0
[debug] [2024-06-08T13:46:13.998Z] Time:          Sat Jun 08 2024 15:46:13 GMT+0200 (heure d’été d’Europe centrale)
[debug] [2024-06-08T13:46:13.998Z] ----------------------------------------------------------------------
[debug] 
[debug] [2024-06-08T13:46:14.131Z] > command requires scopes: ["email","openid","https://www.googleapis.com/auth/cloudplatformprojects.readonly","https://www.googleapis.com/auth/firebase","https://www.googleapis.com/auth/cloud-platform"]
[debug] [2024-06-08T13:46:14.131Z] > authorizing via signed-in user (hamzamhibik66@gmail.com)
[info] i  emulators: Starting emulators: functions, hosting {"metadata":{"emulator":{"name":"hub"},"message":"Starting emulators: functions, hosting"}}
[debug] [2024-06-08T13:46:14.142Z] [logging] Logging Emulator only supports listening on one address (127.0.0.1). Not listening on ::1
[debug] [2024-06-08T13:46:14.143Z] [hosting] Hosting Emulator only supports listening on one address (127.0.0.1). Not listening on ::1
[debug] [2024-06-08T13:46:14.143Z] assigned listening specs for emulators {"user":{"hub":[{"address":"127.0.0.1","family":"IPv4","port":4400},{"address":"::1","family":"IPv6","port":4400}],"ui":[{"address":"127.0.0.1","family":"IPv4","port":4000},{"address":"::1","family":"IPv6","port":4000}],"logging":[{"address":"127.0.0.1","family":"IPv4","port":4500}],"hosting":[{"address":"127.0.0.1","family":"IPv4","port":5000}]},"metadata":{"message":"assigned listening specs for emulators"}}
[debug] [2024-06-08T13:46:14.148Z] [hub] writing locator at C:\Users\7amzaMh\AppData\Local\Temp\hub-projet-pfe-b8307.json
[debug] [2024-06-08T13:46:14.167Z] [functions] Functions Emulator only supports listening on one address (127.0.0.1). Not listening on ::1
[debug] [2024-06-08T13:46:14.167Z] [eventarc] Eventarc Emulator only supports listening on one address (127.0.0.1). Not listening on ::1
[debug] [2024-06-08T13:46:14.167Z] late-assigned ports for functions and eventarc emulators {"user":{"hub":[{"address":"127.0.0.1","family":"IPv4","port":4400},{"address":"::1","family":"IPv6","port":4400}],"ui":[{"address":"127.0.0.1","family":"IPv4","port":4000},{"address":"::1","family":"IPv6","port":4000}],"logging":[{"address":"127.0.0.1","family":"IPv4","port":4500}],"hosting":[{"address":"127.0.0.1","family":"IPv4","port":5000}],"functions":[{"address":"127.0.0.1","family":"IPv4","port":5001}],"eventarc":[{"address":"127.0.0.1","family":"IPv4","port":9299}]},"metadata":{"message":"late-assigned ports for functions and eventarc emulators"}}
[warn] !  functions: The following emulators are not running, calls to these services from the Functions emulator will affect production: auth, firestore, database, pubsub, storage, dataconnect {"metadata":{"emulator":{"name":"functions"},"message":"The following emulators are not running, calls to these services from the Functions emulator will affect production: \u001b[1mauth, firestore, database, pubsub, storage, dataconnect\u001b[22m"}}
[debug] [2024-06-08T13:46:14.170Z] defaultcredentials: writing to file C:\Users\7amzaMh\AppData\Roaming\firebase\hamzamhibik66_gmail_com_application_default_credentials.json
[debug] [2024-06-08T13:46:14.173Z] Setting GAC to C:\Users\7amzaMh\AppData\Roaming\firebase\hamzamhibik66_gmail_com_application_default_credentials.json {"metadata":{"emulator":{"name":"functions"},"message":"Setting GAC to C:\\Users\\7amzaMh\\AppData\\Roaming\\firebase\\hamzamhibik66_gmail_com_application_default_credentials.json"}}
[debug] [2024-06-08T13:46:14.175Z] >>> [apiv2][query] GET https://firebase.googleapis.com/v1beta1/projects/projet-pfe-b8307/adminSdkConfig [none]
[debug] [2024-06-08T13:46:14.877Z] <<< [apiv2][status] GET https://firebase.googleapis.com/v1beta1/projects/projet-pfe-b8307/adminSdkConfig 200
[debug] [2024-06-08T13:46:14.877Z] <<< [apiv2][body] GET https://firebase.googleapis.com/v1beta1/projects/projet-pfe-b8307/adminSdkConfig {"projectId":"projet-pfe-b8307","storageBucket":"projet-pfe-b8307.appspot.com","locationId":"europe-west"}
[debug] [2024-06-08T13:46:14.886Z] >>> [apiv2][query] GET https://firebasehosting.googleapis.com/v1beta1/projects/projet-pfe-b8307/sites 
[debug] [2024-06-08T13:46:16.188Z] <<< [apiv2][status] GET https://firebasehosting.googleapis.com/v1beta1/projects/projet-pfe-b8307/sites 200
[debug] [2024-06-08T13:46:16.189Z] <<< [apiv2][body] GET https://firebasehosting.googleapis.com/v1beta1/projects/projet-pfe-b8307/sites {"sites":[{"name":"projects/projet-pfe-b8307/sites/projet-pfe-b8307","defaultUrl":"https://projet-pfe-b8307.web.app","type":"DEFAULT_SITE"}]}
[debug] [2024-06-08T13:46:16.190Z] >>> [apiv2][query] GET https://firebase.googleapis.com/v1beta1/projects/projet-pfe-b8307/webApps/-/config [none]
[debug] [2024-06-08T13:46:16.874Z] <<< [apiv2][status] GET https://firebase.googleapis.com/v1beta1/projects/projet-pfe-b8307/webApps/-/config 200
[debug] [2024-06-08T13:46:16.874Z] <<< [apiv2][body] GET https://firebase.googleapis.com/v1beta1/projects/projet-pfe-b8307/webApps/-/config {"projectId":"projet-pfe-b8307","appId":"1:531552883729:web:73e2503b68dc2085264db0","storageBucket":"projet-pfe-b8307.appspot.com","locationId":"europe-west","apiKey":"AIzaSyDlM68fqizRJZ528-0Hb_R8sMmIJKkxAbs","authDomain":"projet-pfe-b8307.firebaseapp.com","messagingSenderId":"531552883729"}
[debug] [2024-06-08T13:46:16.901Z] >>> [apiv2][query] GET https://firebase.googleapis.com/v1beta1/projects/projet-pfe-b8307 [none]
[debug] [2024-06-08T13:46:17.157Z] <<< [apiv2][status] GET https://firebase.googleapis.com/v1beta1/projects/projet-pfe-b8307 200
[debug] [2024-06-08T13:46:17.157Z] <<< [apiv2][body] GET https://firebase.googleapis.com/v1beta1/projects/projet-pfe-b8307 {"projectId":"projet-pfe-b8307","projectNumber":"531552883729","displayName":"Projet-PFE","name":"projects/projet-pfe-b8307","resources":{"hostingSite":"projet-pfe-b8307","storageBucket":"projet-pfe-b8307.appspot.com","locationId":"europe-west"},"state":"ACTIVE","etag":"1_1842adda-41fb-4700-988c-6e5795598dba"}
[info] i  hosting[projet-pfe-b8307]: Serving hosting files from: dist {"metadata":{"emulator":{"name":"hosting"},"message":"Serving hosting files from: \u001b[1mdist\u001b[22m"}}
[info] +  hosting[projet-pfe-b8307]: Local server: http://127.0.0.1:5000 {"metadata":{"emulator":{"name":"hosting"},"message":"Local server: \u001b[4m\u001b[1mhttp://127.0.0.1:5000\u001b[22m\u001b[24m"}}
[info] i  ui: downloading ui-v1.11.8.zip... {"metadata":{"emulator":{"name":"ui"},"message":"downloading ui-v1.11.8.zip..."}}
[debug] [2024-06-08T13:46:17.214Z] >>> [apiv2][query] GET https://storage.googleapis.com/firebase-preview-drop/emulator/ui-v1.11.8.zip 
[debug] [2024-06-08T13:46:17.671Z] <<< [apiv2][status] GET https://storage.googleapis.com/firebase-preview-drop/emulator/ui-v1.11.8.zip 200
[debug] [2024-06-08T13:46:17.671Z] <<< [apiv2][body] GET https://storage.googleapis.com/firebase-preview-drop/emulator/ui-v1.11.8.zip [stream]
[debug] [2024-06-08T13:46:22.005Z] Data is 3523907
[debug] [2024-06-08T13:46:22.006Z] [unzip] Entry: client/ (compressed_size=0 bytes, uncompressed_size=0 bytes)
[debug] [2024-06-08T13:46:22.007Z] [unzip] Processing entry: client\
[debug] [2024-06-08T13:46:22.007Z] [unzip] mkdir: C:\Users\7amzaMh\.cache\firebase\emulators\ui-v1.11.8\client\
[debug] [2024-06-08T13:46:22.009Z] [unzip] Entry: client/favicon.ico (compressed_size=2497 bytes, uncompressed_size=7406 bytes)
[debug] [2024-06-08T13:46:22.010Z] [unzip] Processing entry: client\favicon.ico
[debug] [2024-06-08T13:46:22.010Z] [unzip] else mkdir: C:\Users\7amzaMh\.cache\firebase\emulators\ui-v1.11.8\client
[debug] [2024-06-08T13:46:22.011Z] [unzip] deflating: C:\Users\7amzaMh\.cache\firebase\emulators\ui-v1.11.8\client\favicon.ico
[debug] [2024-06-08T13:46:22.025Z] [unzip] Entry: client/apple-touch-icon.png (compressed_size=7231 bytes, uncompressed_size=7367 bytes)
[debug] [2024-06-08T13:46:22.025Z] [unzip] Processing entry: client\apple-touch-icon.png
[debug] [2024-06-08T13:46:22.025Z] [unzip] else mkdir: C:\Users\7amzaMh\.cache\firebase\emulators\ui-v1.11.8\client
[debug] [2024-06-08T13:46:22.026Z] [unzip] deflating: C:\Users\7amzaMh\.cache\firebase\emulators\ui-v1.11.8\client\apple-touch-icon.png
[debug] [2024-06-08T13:46:22.029Z] [unzip] Entry: client/android-chrome-512x512.png (compressed_size=16987 bytes, uncompressed_size=18186 bytes)
[debug] [2024-06-08T13:46:22.029Z] [unzip] Processing entry: client\android-chrome-512x512.png
[debug] [2024-06-08T13:46:22.029Z] [unzip] else mkdir: C:\Users\7amzaMh\.cache\firebase\emulators\ui-v1.11.8\client
[debug] [2024-06-08T13:46:22.030Z] [unzip] deflating: C:\Users\7amzaMh\.cache\firebase\emulators\ui-v1.11.8\client\android-chrome-512x512.png
[debug] [2024-06-08T13:46:22.033Z] [unzip] Entry: client/assets/ (compressed_size=0 bytes, uncompressed_size=0 bytes)
[debug] [2024-06-08T13:46:22.034Z] [unzip] Processing entry: client\assets\
[debug] [2024-06-08T13:46:22.034Z] [unzip] mkdir: C:\Users\7amzaMh\.cache\firebase\emulators\ui-v1.11.8\client\assets\
[debug] [2024-06-08T13:46:22.035Z] [unzip] Entry: client/assets/extensions/ (compressed_size=0 bytes, uncompressed_size=0 bytes)
[debug] [2024-06-08T13:46:22.035Z] [unzip] Processing entry: client\assets\extensions\
[debug] [2024-06-08T13:46:22.035Z] [unzip] mkdir: C:\Users\7amzaMh\.cache\firebase\emulators\ui-v1.11.8\client\assets\extensions\
[debug] [2024-06-08T13:46:22.036Z] [unzip] Entry: client/assets/extensions/default-extension.png (compressed_size=1646 bytes, uncompressed_size=1657 bytes)
[debug] [2024-06-08T13:46:22.036Z] [unzip] Processing entry: client\assets\extensions\default-extension.png
[debug] [2024-06-08T13:46:22.036Z] [unzip] else mkdir: C:\Users\7amzaMh\.cache\firebase\emulators\ui-v1.11.8\client\assets\extensions
[debug] [2024-06-08T13:46:22.037Z] [unzip] deflating: C:\Users\7amzaMh\.cache\firebase\emulators\ui-v1.11.8\client\assets\extensions\default-extension.png
[debug] [2024-06-08T13:46:22.040Z] [unzip] Entry: client/assets/index-Z4-ilXvq.js.map (compressed_size=2229704 bytes, uncompressed_size=9599487 bytes)
[debug] [2024-06-08T13:46:22.040Z] [unzip] Processing entry: client\assets\index-Z4-ilXvq.js.map
[debug] [2024-06-08T13:46:22.040Z] [unzip] else mkdir: C:\Users\7amzaMh\.cache\firebase\emulators\ui-v1.11.8\client\assets
[debug] [2024-06-08T13:46:22.041Z] [unzip] deflating: C:\Users\7amzaMh\.cache\firebase\emulators\ui-v1.11.8\client\assets\index-Z4-ilXvq.js.map
[debug] [2024-06-08T13:46:22.089Z] [unzip] Entry: client/assets/provider-icons/ (compressed_size=0 bytes, uncompressed_size=0 bytes)
[debug] [2024-06-08T13:46:22.089Z] [unzip] Processing entry: client\assets\provider-icons\
[debug] [2024-06-08T13:46:22.089Z] [unzip] mkdir: C:\Users\7amzaMh\.cache\firebase\emulators\ui-v1.11.8\client\assets\provider-icons\
[debug] [2024-06-08T13:46:22.090Z] [unzip] Entry: client/assets/provider-icons/auth_service_oidc.svg (compressed_size=414 bytes, uncompressed_size=858 bytes)
[debug] [2024-06-08T13:46:22.090Z] [unzip] Processing entry: client\assets\provider-icons\auth_service_oidc.svg
[debug] [2024-06-08T13:46:22.090Z] [unzip] else mkdir: C:\Users\7amzaMh\.cache\firebase\emulators\ui-v1.11.8\client\assets\provider-icons
[debug] [2024-06-08T13:46:22.090Z] [unzip] deflating: C:\Users\7amzaMh\.cache\firebase\emulators\ui-v1.11.8\client\assets\provider-icons\auth_service_oidc.svg
[debug] [2024-06-08T13:46:22.091Z] [unzip] Entry: client/assets/provider-icons/auth_service_yahoo.svg (compressed_size=577 bytes, uncompressed_size=1182 bytes)
[debug] [2024-06-08T13:46:22.091Z] [unzip] Processing entry: client\assets\provider-icons\auth_service_yahoo.svg
[debug] [2024-06-08T13:46:22.091Z] [unzip] else mkdir: C:\Users\7amzaMh\.cache\firebase\emulators\ui-v1.11.8\client\assets\provider-icons
[debug] [2024-06-08T13:46:22.091Z] [unzip] deflating: C:\Users\7amzaMh\.cache\firebase\emulators\ui-v1.11.8\client\assets\provider-icons\auth_service_yahoo.svg
[debug] [2024-06-08T13:46:22.092Z] [unzip] Entry: client/assets/provider-icons/auth_service_phone.svg (compressed_size=261 bytes, uncompressed_size=414 bytes)
[debug] [2024-06-08T13:46:22.092Z] [unzip] Processing entry: client\assets\provider-icons\auth_service_phone.svg
[debug] [2024-06-08T13:46:22.092Z] [unzip] else mkdir: C:\Users\7amzaMh\.cache\firebase\emulators\ui-v1.11.8\client\assets\provider-icons
[debug] [2024-06-08T13:46:22.092Z] [unzip] deflating: C:\Users\7amzaMh\.cache\firebase\emulators\ui-v1.11.8\client\assets\provider-icons\auth_service_phone.svg
[debug] [2024-06-08T13:46:22.103Z] [unzip] Entry: client/assets/provider-icons/auth_service_saml.svg (compressed_size=575 bytes, uncompressed_size=1226 bytes)
[debug] [2024-06-08T13:46:22.103Z] [unzip] Processing entry: client\assets\provider-icons\auth_service_saml.svg
[debug] [2024-06-08T13:46:22.103Z] [unzip] else mkdir: C:\Users\7amzaMh\.cache\firebase\emulators\ui-v1.11.8\client\assets\provider-icons
[debug] [2024-06-08T13:46:22.103Z] [unzip] deflating: C:\Users\7amzaMh\.cache\firebase\emulators\ui-v1.11.8\client\assets\provider-icons\auth_service_saml.svg
[debug] [2024-06-08T13:46:22.104Z] [unzip] Entry: client/assets/provider-icons/auth_service_mslive.svg (compressed_size=203 bytes, uncompressed_size=378 bytes)
[debug] [2024-06-08T13:46:22.104Z] [unzip] Processing entry: client\assets\provider-icons\auth_service_mslive.svg
[debug] [2024-06-08T13:46:22.104Z] [unzip] else mkdir: C:\Users\7amzaMh\.cache\firebase\emulators\ui-v1.11.8\client\assets\provider-icons
[debug] [2024-06-08T13:46:22.105Z] [unzip] deflating: C:\Users\7amzaMh\.cache\firebase\emulators\ui-v1.11.8\client\assets\provider-icons\auth_service_mslive.svg
[debug] [2024-06-08T13:46:22.113Z] [unzip] Entry: client/assets/provider-icons/auth_service_facebook.svg (compressed_size=289 bytes, uncompressed_size=457 bytes)
[debug] [2024-06-08T13:46:22.113Z] [unzip] Processing entry: client\assets\provider-icons\auth_service_facebook.svg
[debug] [2024-06-08T13:46:22.113Z] [unzip] else mkdir: C:\Users\7amzaMh\.cache\firebase\emulators\ui-v1.11.8\client\assets\provider-icons
[debug] [2024-06-08T13:46:22.114Z] [unzip] deflating: C:\Users\7amzaMh\.cache\firebase\emulators\ui-v1.11.8\client\assets\provider-icons\auth_service_facebook.svg
[debug] [2024-06-08T13:46:22.115Z] [unzip] Entry: client/assets/provider-icons/auth_service_play_games.svg (compressed_size=565 bytes, uncompressed_size=1173 bytes)
[debug] [2024-06-08T13:46:22.115Z] [unzip] Processing entry: client\assets\provider-icons\auth_service_play_games.svg
[debug] [2024-06-08T13:46:22.115Z] [unzip] else mkdir: C:\Users\7amzaMh\.cache\firebase\emulators\ui-v1.11.8\client\assets\provider-icons
[debug] [2024-06-08T13:46:22.116Z] [unzip] deflating: C:\Users\7amzaMh\.cache\firebase\emulators\ui-v1.11.8\client\assets\provider-icons\auth_service_play_games.svg
[debug] [2024-06-08T13:46:22.117Z] [unzip] Entry: client/assets/provider-icons/auth_service_github.svg (compressed_size=466 bytes, uncompressed_size=838 bytes)
[debug] [2024-06-08T13:46:22.118Z] [unzip] Processing entry: client\assets\provider-icons\auth_service_github.svg
[debug] [2024-06-08T13:46:22.118Z] [unzip] else mkdir: C:\Users\7amzaMh\.cache\firebase\emulators\ui-v1.11.8\client\assets\provider-icons
[debug] [2024-06-08T13:46:22.118Z] [unzip] deflating: C:\Users\7amzaMh\.cache\firebase\emulators\ui-v1.11.8\client\assets\provider-icons\auth_service_github.svg
[debug] [2024-06-08T13:46:22.120Z] [unzip] Entry: client/assets/provider-icons/auth_service_apple.svg (compressed_size=230 bytes, uncompressed_size=334 bytes)
[debug] [2024-06-08T13:46:22.120Z] [unzip] Processing entry: client\assets\provider-icons\auth_service_apple.svg
[debug] [2024-06-08T13:46:22.120Z] [unzip] else mkdir: C:\Users\7amzaMh\.cache\firebase\emulators\ui-v1.11.8\client\assets\provider-icons
[debug] [2024-06-08T13:46:22.120Z] [unzip] deflating: C:\Users\7amzaMh\.cache\firebase\emulators\ui-v1.11.8\client\assets\provider-icons\auth_service_apple.svg
[debug] [2024-06-08T13:46:22.122Z] [unzip] Entry: client/assets/provider-icons/auth_service_google.svg (compressed_size=409 bytes, uncompressed_size=720 bytes)
[debug] [2024-06-08T13:46:22.122Z] [unzip] Processing entry: client\assets\provider-icons\auth_service_google.svg
[debug] [2024-06-08T13:46:22.122Z] [unzip] else mkdir: C:\Users\7amzaMh\.cache\firebase\emulators\ui-v1.11.8\client\assets\provider-icons
[debug] [2024-06-08T13:46:22.122Z] [unzip] deflating: C:\Users\7amzaMh\.cache\firebase\emulators\ui-v1.11.8\client\assets\provider-icons\auth_service_google.svg
[debug] [2024-06-08T13:46:22.124Z] [unzip] Entry: client/assets/provider-icons/auth_service_email.svg (compressed_size=228 bytes, uncompressed_size=326 bytes)
[debug] [2024-06-08T13:46:22.124Z] [unzip] Processing entry: client\assets\provider-icons\auth_service_email.svg
[debug] [2024-06-08T13:46:22.124Z] [unzip] else mkdir: C:\Users\7amzaMh\.cache\firebase\emulators\ui-v1.11.8\client\assets\provider-icons
[debug] [2024-06-08T13:46:22.128Z] [unzip] deflating: C:\Users\7amzaMh\.cache\firebase\emulators\ui-v1.11.8\client\assets\provider-icons\auth_service_email.svg
[debug] [2024-06-08T13:46:22.129Z] [unzip] Entry: client/assets/provider-icons/auth_service_twitter.svg (compressed_size=444 bytes, uncompressed_size=751 bytes)
[debug] [2024-06-08T13:46:22.129Z] [unzip] Processing entry: client\assets\provider-icons\auth_service_twitter.svg
[debug] [2024-06-08T13:46:22.129Z] [unzip] else mkdir: C:\Users\7amzaMh\.cache\firebase\emulators\ui-v1.11.8\client\assets\provider-icons
[debug] [2024-06-08T13:46:22.129Z] [unzip] deflating: C:\Users\7amzaMh\.cache\firebase\emulators\ui-v1.11.8\client\assets\provider-icons\auth_service_twitter.svg
[debug] [2024-06-08T13:46:22.130Z] [unzip] Entry: client/assets/provider-icons/auth_service_game_center.svg (compressed_size=991 bytes, uncompressed_size=3921 bytes)
[debug] [2024-06-08T13:46:22.130Z] [unzip] Processing entry: client\assets\provider-icons\auth_service_game_center.svg
[debug] [2024-06-08T13:46:22.130Z] [unzip] else mkdir: C:\Users\7amzaMh\.cache\firebase\emulators\ui-v1.11.8\client\assets\provider-icons
[debug] [2024-06-08T13:46:22.130Z] [unzip] deflating: C:\Users\7amzaMh\.cache\firebase\emulators\ui-v1.11.8\client\assets\provider-icons\auth_service_game_center.svg
[debug] [2024-06-08T13:46:22.131Z] [unzip] Entry: client/assets/img/ (compressed_size=0 bytes, uncompressed_size=0 bytes)
[debug] [2024-06-08T13:46:22.131Z] [unzip] Processing entry: client\assets\img\
[debug] [2024-06-08T13:46:22.131Z] [unzip] mkdir: C:\Users\7amzaMh\.cache\firebase\emulators\ui-v1.11.8\client\assets\img\
[debug] [2024-06-08T13:46:22.132Z] [unzip] Entry: client/assets/img/database.png (compressed_size=29449 bytes, uncompressed_size=29988 bytes)
[debug] [2024-06-08T13:46:22.132Z] [unzip] Processing entry: client\assets\img\database.png
[debug] [2024-06-08T13:46:22.132Z] [unzip] else mkdir: C:\Users\7amzaMh\.cache\firebase\emulators\ui-v1.11.8\client\assets\img
[debug] [2024-06-08T13:46:22.132Z] [unzip] deflating: C:\Users\7amzaMh\.cache\firebase\emulators\ui-v1.11.8\client\assets\img\database.png
[debug] [2024-06-08T13:46:22.133Z] [unzip] Entry: client/assets/index-Cj5I7867.css (compressed_size=35786 bytes, uncompressed_size=297937 bytes)
[debug] [2024-06-08T13:46:22.133Z] [unzip] Processing entry: client\assets\index-Cj5I7867.css
[debug] [2024-06-08T13:46:22.133Z] [unzip] else mkdir: C:\Users\7amzaMh\.cache\firebase\emulators\ui-v1.11.8\client\assets
[debug] [2024-06-08T13:46:22.133Z] [unzip] deflating: C:\Users\7amzaMh\.cache\firebase\emulators\ui-v1.11.8\client\assets\index-Cj5I7867.css
[debug] [2024-06-08T13:46:22.135Z] [unzip] Entry: client/assets/index-Z4-ilXvq.js (compressed_size=563876 bytes, uncompressed_size=2021818 bytes)
[debug] [2024-06-08T13:46:22.136Z] [unzip] Processing entry: client\assets\index-Z4-ilXvq.js
[debug] [2024-06-08T13:46:22.136Z] [unzip] else mkdir: C:\Users\7amzaMh\.cache\firebase\emulators\ui-v1.11.8\client\assets
[debug] [2024-06-08T13:46:22.136Z] [unzip] deflating: C:\Users\7amzaMh\.cache\firebase\emulators\ui-v1.11.8\client\assets\index-Z4-ilXvq.js
[debug] [2024-06-08T13:46:22.146Z] [unzip] Entry: client/safari-pinned-tab.svg (compressed_size=838 bytes, uncompressed_size=1504 bytes)
[debug] [2024-06-08T13:46:22.146Z] [unzip] Processing entry: client\safari-pinned-tab.svg
[debug] [2024-06-08T13:46:22.146Z] [unzip] else mkdir: C:\Users\7amzaMh\.cache\firebase\emulators\ui-v1.11.8\client
[debug] [2024-06-08T13:46:22.147Z] [unzip] deflating: C:\Users\7amzaMh\.cache\firebase\emulators\ui-v1.11.8\client\safari-pinned-tab.svg
[debug] [2024-06-08T13:46:22.147Z] [unzip] Entry: client/mstile-150x150.png (compressed_size=5406 bytes, uncompressed_size=5723 bytes)
[debug] [2024-06-08T13:46:22.147Z] [unzip] Processing entry: client\mstile-150x150.png
[debug] [2024-06-08T13:46:22.147Z] [unzip] else mkdir: C:\Users\7amzaMh\.cache\firebase\emulators\ui-v1.11.8\client
[debug] [2024-06-08T13:46:22.148Z] [unzip] deflating: C:\Users\7amzaMh\.cache\firebase\emulators\ui-v1.11.8\client\mstile-150x150.png
[debug] [2024-06-08T13:46:22.148Z] [unzip] Entry: client/browserconfig.xml (compressed_size=491 bytes, uncompressed_size=822 bytes)
[debug] [2024-06-08T13:46:22.148Z] [unzip] Processing entry: client\browserconfig.xml
[debug] [2024-06-08T13:46:22.148Z] [unzip] else mkdir: C:\Users\7amzaMh\.cache\firebase\emulators\ui-v1.11.8\client
[debug] [2024-06-08T13:46:22.148Z] [unzip] deflating: C:\Users\7amzaMh\.cache\firebase\emulators\ui-v1.11.8\client\browserconfig.xml
[debug] [2024-06-08T13:46:22.149Z] [unzip] Entry: client/robots.txt (compressed_size=26 bytes, uncompressed_size=26 bytes)
[debug] [2024-06-08T13:46:22.149Z] [unzip] Processing entry: client\robots.txt
[debug] [2024-06-08T13:46:22.149Z] [unzip] else mkdir: C:\Users\7amzaMh\.cache\firebase\emulators\ui-v1.11.8\client
[debug] [2024-06-08T13:46:22.149Z] [unzip] Writing file: C:\Users\7amzaMh\.cache\firebase\emulators\ui-v1.11.8\client\robots.txt
[debug] [2024-06-08T13:46:22.150Z] [unzip] Entry: client/index.html (compressed_size=1365 bytes, uncompressed_size=3071 bytes)
[debug] [2024-06-08T13:46:22.150Z] [unzip] Processing entry: client\index.html
[debug] [2024-06-08T13:46:22.150Z] [unzip] else mkdir: C:\Users\7amzaMh\.cache\firebase\emulators\ui-v1.11.8\client
[debug] [2024-06-08T13:46:22.150Z] [unzip] deflating: C:\Users\7amzaMh\.cache\firebase\emulators\ui-v1.11.8\client\index.html
[debug] [2024-06-08T13:46:22.151Z] [unzip] Entry: client/favicon-16x16.png (compressed_size=757 bytes, uncompressed_size=777 bytes)
[debug] [2024-06-08T13:46:22.151Z] [unzip] Processing entry: client\favicon-16x16.png
[debug] [2024-06-08T13:46:22.151Z] [unzip] else mkdir: C:\Users\7amzaMh\.cache\firebase\emulators\ui-v1.11.8\client
[debug] [2024-06-08T13:46:22.151Z] [unzip] deflating: C:\Users\7amzaMh\.cache\firebase\emulators\ui-v1.11.8\client\favicon-16x16.png
[debug] [2024-06-08T13:46:22.152Z] [unzip] Entry: client/manifest.json (compressed_size=246 bytes, uncompressed_size=551 bytes)
[debug] [2024-06-08T13:46:22.152Z] [unzip] Processing entry: client\manifest.json
[debug] [2024-06-08T13:46:22.152Z] [unzip] else mkdir: C:\Users\7amzaMh\.cache\firebase\emulators\ui-v1.11.8\client
[debug] [2024-06-08T13:46:22.152Z] [unzip] deflating: C:\Users\7amzaMh\.cache\firebase\emulators\ui-v1.11.8\client\manifest.json
[debug] [2024-06-08T13:46:22.153Z] [unzip] Entry: client/favicon-32x32.png (compressed_size=1175 bytes, uncompressed_size=1175 bytes)
[debug] [2024-06-08T13:46:22.153Z] [unzip] Processing entry: client\favicon-32x32.png
[debug] [2024-06-08T13:46:22.153Z] [unzip] else mkdir: C:\Users\7amzaMh\.cache\firebase\emulators\ui-v1.11.8\client
[debug] [2024-06-08T13:46:22.153Z] [unzip] Writing file: C:\Users\7amzaMh\.cache\firebase\emulators\ui-v1.11.8\client\favicon-32x32.png
[debug] [2024-06-08T13:46:22.154Z] [unzip] Entry: client/android-chrome-192x192.png (compressed_size=7602 bytes, uncompressed_size=7834 bytes)
[debug] [2024-06-08T13:46:22.154Z] [unzip] Processing entry: client\android-chrome-192x192.png
[debug] [2024-06-08T13:46:22.154Z] [unzip] else mkdir: C:\Users\7amzaMh\.cache\firebase\emulators\ui-v1.11.8\client
[debug] [2024-06-08T13:46:22.154Z] [unzip] deflating: C:\Users\7amzaMh\.cache\firebase\emulators\ui-v1.11.8\client\android-chrome-192x192.png
[debug] [2024-06-08T13:46:22.155Z] [unzip] Entry: server/ (compressed_size=0 bytes, uncompressed_size=0 bytes)
[debug] [2024-06-08T13:46:22.155Z] [unzip] Processing entry: server\
[debug] [2024-06-08T13:46:22.155Z] [unzip] mkdir: C:\Users\7amzaMh\.cache\firebase\emulators\ui-v1.11.8\server\
[debug] [2024-06-08T13:46:22.155Z] [unzip] Entry: server/server.mjs (compressed_size=311497 bytes, uncompressed_size=1147307 bytes)
[debug] [2024-06-08T13:46:22.155Z] [unzip] Processing entry: server\server.mjs
[debug] [2024-06-08T13:46:22.155Z] [unzip] else mkdir: C:\Users\7amzaMh\.cache\firebase\emulators\ui-v1.11.8\server
[debug] [2024-06-08T13:46:22.155Z] [unzip] deflating: C:\Users\7amzaMh\.cache\firebase\emulators\ui-v1.11.8\server\server.mjs
[debug] [2024-06-08T13:46:22.161Z] [unzip] Entry: server/assets/ (compressed_size=0 bytes, uncompressed_size=0 bytes)
[debug] [2024-06-08T13:46:22.161Z] [unzip] Processing entry: server\assets\
[debug] [2024-06-08T13:46:22.161Z] [unzip] mkdir: C:\Users\7amzaMh\.cache\firebase\emulators\ui-v1.11.8\server\assets\
[debug] [2024-06-08T13:46:22.161Z] [unzip] Entry: server/assets/multipart-parser-n20ATYm_.mjs.map (compressed_size=4790 bytes, uncompressed_size=17920 bytes)
[debug] [2024-06-08T13:46:22.162Z] [unzip] Processing entry: server\assets\multipart-parser-n20ATYm_.mjs.map
[debug] [2024-06-08T13:46:22.162Z] [unzip] else mkdir: C:\Users\7amzaMh\.cache\firebase\emulators\ui-v1.11.8\server\assets
[debug] [2024-06-08T13:46:22.162Z] [unzip] deflating: C:\Users\7amzaMh\.cache\firebase\emulators\ui-v1.11.8\server\assets\multipart-parser-n20ATYm_.mjs.map
[debug] [2024-06-08T13:46:22.162Z] [unzip] Entry: server/assets/multipart-parser-n20ATYm_.mjs (compressed_size=2625 bytes, uncompressed_size=10428 bytes)
[debug] [2024-06-08T13:46:22.163Z] [unzip] Processing entry: server\assets\multipart-parser-n20ATYm_.mjs
[debug] [2024-06-08T13:46:22.163Z] [unzip] else mkdir: C:\Users\7amzaMh\.cache\firebase\emulators\ui-v1.11.8\server\assets
[debug] [2024-06-08T13:46:22.163Z] [unzip] deflating: C:\Users\7amzaMh\.cache\firebase\emulators\ui-v1.11.8\server\assets\multipart-parser-n20ATYm_.mjs
[debug] [2024-06-08T13:46:22.163Z] [unzip] Entry: server/server.mjs.map (compressed_size=286219 bytes, uncompressed_size=1310517 bytes)
[debug] [2024-06-08T13:46:22.163Z] [unzip] Processing entry: server\server.mjs.map
[debug] [2024-06-08T13:46:22.163Z] [unzip] else mkdir: C:\Users\7amzaMh\.cache\firebase\emulators\ui-v1.11.8\server
[debug] [2024-06-08T13:46:22.164Z] [unzip] deflating: C:\Users\7amzaMh\.cache\firebase\emulators\ui-v1.11.8\server\server.mjs.map
[debug] [2024-06-08T13:46:22.170Z] Ignoring unsupported arg: auto_download {"metadata":{"emulator":{"name":"ui"},"message":"Ignoring unsupported arg: auto_download"}}
[debug] [2024-06-08T13:46:22.170Z] Ignoring unsupported arg: port {"metadata":{"emulator":{"name":"ui"},"message":"Ignoring unsupported arg: port"}}
[debug] [2024-06-08T13:46:22.170Z] Starting Emulator UI with command {"binary":"node","args":["C:\\Users\\7amzaMh\\.cache\\firebase\\emulators\\ui-v1.11.8\\server\\server.mjs"],"optionalArgs":[],"joinArgs":false,"shell":false} {"metadata":{"emulator":{"name":"ui"},"message":"Starting Emulator UI with command {\"binary\":\"node\",\"args\":[\"C:\\\\Users\\\\7amzaMh\\\\.cache\\\\firebase\\\\emulators\\\\ui-v1.11.8\\\\server\\\\server.mjs\"],\"optionalArgs\":[],\"joinArgs\":false,\"shell\":false}"}}
[info] i  ui: Emulator UI logging to ui-debug.log {"metadata":{"emulator":{"name":"ui"},"message":"Emulator UI logging to \u001b[1mui-debug.log\u001b[22m"}}
[debug] [2024-06-08T13:46:22.303Z] Web / API server started at 127.0.0.1:4000
 {"metadata":{"emulator":{"name":"ui"},"message":"Web / API server started at 127.0.0.1:4000\n"}}
[debug] [2024-06-08T13:46:22.303Z] Web / API server started at ::1:4000
 {"metadata":{"emulator":{"name":"ui"},"message":"Web / API server started at ::1:4000\n"}}
[info] i  functions: Watching "C:\Users\7amzaMh\Desktop\pfe2\functions" for Cloud Functions... {"metadata":{"emulator":{"name":"functions"},"message":"Watching \"C:\\Users\\7amzaMh\\Desktop\\pfe2\\functions\" for Cloud Functions..."}}
[debug] [2024-06-08T13:46:22.392Z] Validating nodejs source
[debug] [2024-06-08T13:46:23.910Z] > [functions] package.json contents: {
  "name": "functions",
  "description": "Cloud Functions for Firebase",
  "scripts": {
    "serve": "firebase emulators:start --only functions",
    "shell": "firebase functions:shell",
    "start": "npm run shell",
    "deploy": "firebase deploy --only functions",
    "logs": "firebase functions:log"
  },
  "engines": {
    "node": "18"
  },
  "main": "index.js",
  "dependencies": {
    "firebase-admin": "^12.1.0",
    "firebase-functions": "^5.0.0",
    "nodemailer": "^6.9.13"
  },
  "devDependencies": {
    "firebase-functions-test": "^3.1.0"
  },
  "private": true
}
[debug] [2024-06-08T13:46:23.911Z] Building nodejs source
[debug] [2024-06-08T13:46:23.911Z] Failed to find version of module node: reached end of search path C:\Users\7amzaMh\Desktop\pfe2\functions\node_modules
[warn] !  functions: Your requested "node" version "18" doesn't match your global version "20". Using node@20 from host. 
[debug] [2024-06-08T13:46:23.913Z] Could not find functions.yaml. Must use http discovery
[debug] [2024-06-08T13:46:23.919Z] Found firebase-functions binary at 'C:\Users\7amzaMh\Desktop\pfe2\functions\node_modules\.bin\firebase-functions'
[info] Serving at port 8935

[debug] [2024-06-08T13:46:24.692Z] Got response from /__/functions.yaml {"endpoints":{"sendEmail":{"platform":"gcfv1","availableMemoryMb":null,"timeoutSeconds":null,"minInstances":null,"maxInstances":null,"ingressSettings":null,"serviceAccountEmail":null,"vpc":null,"httpsTrigger":{},"entryPoint":"sendEmail"}},"specVersion":"v1alpha1","requiredAPIs":[]}
[info] +  functions: Loaded functions definitions from source: sendEmail. {"metadata":{"emulator":{"name":"functions"},"message":"Loaded functions definitions from source: sendEmail."}}
[info] +  functions[us-central1-sendEmail]: http function initialized (http://127.0.0.1:5001/projet-pfe-b8307/us-central1/sendEmail). {"metadata":{"emulator":{"name":"functions"},"message":"\u001b[1mhttp\u001b[22m function initialized (http://127.0.0.1:5001/projet-pfe-b8307/us-central1/sendEmail)."}}
[info] 
┌─────────────────────────────────────────────────────────────┐
│ ✔  All emulators ready! It is now safe to connect your app. │
│ i  View Emulator UI at http://127.0.0.1:4000/               │
└─────────────────────────────────────────────────────────────┘

┌───────────┬────────────────┬─────────────────────────────────┐
│ Emulator  │ Host:Port      │ View in Emulator UI             │
├───────────┼────────────────┼─────────────────────────────────┤
│ Functions │ 127.0.0.1:5001 │ http://127.0.0.1:4000/functions │
├───────────┼────────────────┼─────────────────────────────────┤
│ Hosting   │ 127.0.0.1:5000 │ n/a                             │
└───────────┴────────────────┴─────────────────────────────────┘
  Emulator Hub running at 127.0.0.1:4400
  Other reserved ports: 4500

Issues? Report them at https://github.com/firebase/firebase-tools/issues and attach the *-debug.log files.
 
[debug] [2024-06-08T13:48:05.648Z] [work-queue] {"queuedWork":["/projet-pfe-b8307/us-central1/sendEmail-2024-06-08T13:48:05.648Z"],"queueLength":1,"runningWork":[],"workRunningCount":0}
[debug] [2024-06-08T13:48:05.648Z] [work-queue] {"queuedWork":[],"queueLength":0,"runningWork":["/projet-pfe-b8307/us-central1/sendEmail-2024-06-08T13:48:05.648Z"],"workRunningCount":1}
[debug] [2024-06-08T13:48:05.649Z] Accepted request GET /projet-pfe-b8307/us-central1/sendEmail --> us-central1-sendEmail
[debug] [2024-06-08T13:48:05.651Z] [functions] Runtime ready! Sending request! {"metadata":{"emulator":{"name":"functions"},"message":"[functions] Runtime ready! Sending request!"}}
[debug] [2024-06-08T13:48:05.651Z] [functions] Got req.url=/projet-pfe-b8307/us-central1/sendEmail, mapping to path=/ {"metadata":{"emulator":{"name":"functions"},"message":"[functions] Got req.url=/projet-pfe-b8307/us-central1/sendEmail, mapping to path=/"}}
[debug] [2024-06-08T13:48:05.658Z] [worker-pool] addWorker(us-central1-sendEmail) {"metadata":{"emulator":{"name":"functions"},"message":"[worker-pool] addWorker(us-central1-sendEmail)"}}
[debug] [2024-06-08T13:48:05.659Z] [worker-pool] Adding worker with key us-central1-sendEmail, total=1 {"metadata":{"emulator":{"name":"functions"},"message":"[worker-pool] Adding worker with key us-central1-sendEmail, total=1"}}
[debug] [2024-06-08T13:48:06.852Z] [runtime-status] [17524] Resolved module firebase-admin {"declared":true,"installed":true,"version":"12.1.1","resolution":"C:\\Users\\7amzaMh\\Desktop\\pfe2\\functions\\node_modules\\firebase-admin\\lib\\index.js"} {"metadata":{"emulator":{"name":"functions"},"function":{"name":"us-central1-sendEmail"},"extension":{},"message":"[runtime-status] [17524] Resolved module firebase-admin {\"declared\":true,\"installed\":true,\"version\":\"12.1.1\",\"resolution\":\"C:\\\\Users\\\\7amzaMh\\\\Desktop\\\\pfe2\\\\functions\\\\node_modules\\\\firebase-admin\\\\lib\\\\index.js\"}"}}
[debug] [2024-06-08T13:48:06.853Z] [runtime-status] [17524] Resolved module firebase-functions {"declared":true,"installed":true,"version":"5.0.1","resolution":"C:\\Users\\7amzaMh\\Desktop\\pfe2\\functions\\node_modules\\firebase-functions\\lib\\v1\\index.js"} {"metadata":{"emulator":{"name":"functions"},"function":{"name":"us-central1-sendEmail"},"extension":{},"message":"[runtime-status] [17524] Resolved module firebase-functions {\"declared\":true,\"installed\":true,\"version\":\"5.0.1\",\"resolution\":\"C:\\\\Users\\\\7amzaMh\\\\Desktop\\\\pfe2\\\\functions\\\\node_modules\\\\firebase-functions\\\\lib\\\\v1\\\\index.js\"}"}}
[debug] [2024-06-08T13:48:06.853Z] [runtime-status] [17524] Outgoing network have been stubbed. [{"name":"http","status":"mocked"},{"name":"http","status":"mocked"},{"name":"https","status":"mocked"},{"name":"https","status":"mocked"},{"name":"net","status":"mocked"}] {"metadata":{"emulator":{"name":"functions"},"function":{"name":"us-central1-sendEmail"},"extension":{},"message":"[runtime-status] [17524] Outgoing network have been stubbed. [{\"name\":\"http\",\"status\":\"mocked\"},{\"name\":\"http\",\"status\":\"mocked\"},{\"name\":\"https\",\"status\":\"mocked\"},{\"name\":\"https\",\"status\":\"mocked\"},{\"name\":\"net\",\"status\":\"mocked\"}]"}}
[debug] [2024-06-08T13:48:06.854Z] [runtime-status] [17524] Resolved module firebase-functions {"declared":true,"installed":true,"version":"5.0.1","resolution":"C:\\Users\\7amzaMh\\Desktop\\pfe2\\functions\\node_modules\\firebase-functions\\lib\\v1\\index.js"} {"metadata":{"emulator":{"name":"functions"},"function":{"name":"us-central1-sendEmail"},"extension":{},"message":"[runtime-status] [17524] Resolved module firebase-functions {\"declared\":true,\"installed\":true,\"version\":\"5.0.1\",\"resolution\":\"C:\\\\Users\\\\7amzaMh\\\\Desktop\\\\pfe2\\\\functions\\\\node_modules\\\\firebase-functions\\\\lib\\\\v1\\\\index.js\"}"}}
[debug] [2024-06-08T13:48:07.211Z] [runtime-status] [17524] Checked functions.config() {"config":{}} {"metadata":{"emulator":{"name":"functions"},"function":{"name":"us-central1-sendEmail"},"extension":{},"message":"[runtime-status] [17524] Checked functions.config() {\"config\":{}}"}}
[debug] [2024-06-08T13:48:07.212Z] [runtime-status] [17524] firebase-functions has been stubbed. {"functionsResolution":{"declared":true,"installed":true,"version":"5.0.1","resolution":"C:\\Users\\7amzaMh\\Desktop\\pfe2\\functions\\node_modules\\firebase-functions\\lib\\v1\\index.js"}} {"metadata":{"emulator":{"name":"functions"},"function":{"name":"us-central1-sendEmail"},"extension":{},"message":"[runtime-status] [17524] firebase-functions has been stubbed. {\"functionsResolution\":{\"declared\":true,\"installed\":true,\"version\":\"5.0.1\",\"resolution\":\"C:\\\\Users\\\\7amzaMh\\\\Desktop\\\\pfe2\\\\functions\\\\node_modules\\\\firebase-functions\\\\lib\\\\v1\\\\index.js\"}}"}}
[debug] [2024-06-08T13:48:07.212Z] [runtime-status] [17524] Resolved module firebase-functions {"declared":true,"installed":true,"version":"5.0.1","resolution":"C:\\Users\\7amzaMh\\Desktop\\pfe2\\functions\\node_modules\\firebase-functions\\lib\\v1\\index.js"} {"metadata":{"emulator":{"name":"functions"},"function":{"name":"us-central1-sendEmail"},"extension":{},"message":"[runtime-status] [17524] Resolved module firebase-functions {\"declared\":true,\"installed\":true,\"version\":\"5.0.1\",\"resolution\":\"C:\\\\Users\\\\7amzaMh\\\\Desktop\\\\pfe2\\\\functions\\\\node_modules\\\\firebase-functions\\\\lib\\\\v1\\\\index.js\"}"}}
[debug] [2024-06-08T13:48:07.213Z] [runtime-status] [17524] Resolved module firebase-admin {"declared":true,"installed":true,"version":"12.1.1","resolution":"C:\\Users\\7amzaMh\\Desktop\\pfe2\\functions\\node_modules\\firebase-admin\\lib\\index.js"} {"metadata":{"emulator":{"name":"functions"},"function":{"name":"us-central1-sendEmail"},"extension":{},"message":"[runtime-status] [17524] Resolved module firebase-admin {\"declared\":true,\"installed\":true,\"version\":\"12.1.1\",\"resolution\":\"C:\\\\Users\\\\7amzaMh\\\\Desktop\\\\pfe2\\\\functions\\\\node_modules\\\\firebase-admin\\\\lib\\\\index.js\"}"}}
[debug] [2024-06-08T13:48:07.216Z] [runtime-status] [17524] Resolved module firebase-functions {"declared":true,"installed":true,"version":"5.0.1","resolution":"C:\\Users\\7amzaMh\\Desktop\\pfe2\\functions\\node_modules\\firebase-functions\\lib\\v1\\index.js"} {"metadata":{"emulator":{"name":"functions"},"function":{"name":"us-central1-sendEmail"},"extension":{},"message":"[runtime-status] [17524] Resolved module firebase-functions {\"declared\":true,\"installed\":true,\"version\":\"5.0.1\",\"resolution\":\"C:\\\\Users\\\\7amzaMh\\\\Desktop\\\\pfe2\\\\functions\\\\node_modules\\\\firebase-functions\\\\lib\\\\v1\\\\index.js\"}"}}
[debug] [2024-06-08T13:48:07.216Z] [runtime-status] [17524] firebase-admin has been stubbed. {"adminResolution":{"declared":true,"installed":true,"version":"12.1.1","resolution":"C:\\Users\\7amzaMh\\Desktop\\pfe2\\functions\\node_modules\\firebase-admin\\lib\\index.js"}} {"metadata":{"emulator":{"name":"functions"},"function":{"name":"us-central1-sendEmail"},"extension":{},"message":"[runtime-status] [17524] firebase-admin has been stubbed. {\"adminResolution\":{\"declared\":true,\"installed\":true,\"version\":\"12.1.1\",\"resolution\":\"C:\\\\Users\\\\7amzaMh\\\\Desktop\\\\pfe2\\\\functions\\\\node_modules\\\\firebase-admin\\\\lib\\\\index.js\"}}"}}
[debug] [2024-06-08T13:48:07.251Z] [runtime-status] [17524] initializeApp(DEFAULT) {"storageBucket":"projet-pfe-b8307.appspot.com","projectId":"projet-pfe-b8307"} {"metadata":{"emulator":{"name":"functions"},"function":{"name":"us-central1-sendEmail"},"extension":{},"message":"[runtime-status] [17524] initializeApp(DEFAULT) {\"storageBucket\":\"projet-pfe-b8307.appspot.com\",\"projectId\":\"projet-pfe-b8307\"}"}}
[debug] [2024-06-08T13:48:07.265Z] [runtime-status] [17524] Functions runtime initialized. {"cwd":"C:\\Users\\7amzaMh\\Desktop\\pfe2\\functions","node_version":"20.12.0"} {"metadata":{"emulator":{"name":"functions"},"function":{"name":"us-central1-sendEmail"},"extension":{},"message":"[runtime-status] [17524] Functions runtime initialized. {\"cwd\":\"C:\\\\Users\\\\7amzaMh\\\\Desktop\\\\pfe2\\\\functions\",\"node_version\":\"20.12.0\"}"}}
[debug] [2024-06-08T13:48:07.265Z] [runtime-status] [17524] Listening to port: \\?\pipe\fire_emu_0e3a3469106e421e {"metadata":{"emulator":{"name":"functions"},"function":{"name":"us-central1-sendEmail"},"extension":{},"message":"[runtime-status] [17524] Listening to port: \\\\?\\pipe\\fire_emu_0e3a3469106e421e"}}
[debug] [2024-06-08T13:48:07.327Z] [worker-us-central1-sendEmail-c54f958c-c08e-41bf-9457-6c06c364be18]: IDLE {"metadata":{"emulator":{"name":"functions"},"function":{"name":"us-central1-sendEmail"},"extension":{},"message":"[worker-us-central1-sendEmail-c54f958c-c08e-41bf-9457-6c06c364be18]: IDLE"}}
[debug] [2024-06-08T13:48:07.327Z] [worker-pool] submitRequest(triggerId=us-central1-sendEmail) {"metadata":{"emulator":{"name":"functions"},"message":"[worker-pool] submitRequest(triggerId=us-central1-sendEmail)"}}
[info] i  functions: Beginning execution of "us-central1-sendEmail" {"metadata":{"emulator":{"name":"functions"},"function":{"name":"us-central1-sendEmail"},"extension":{},"message":"Beginning execution of \"us-central1-sendEmail\""}}
[debug] [2024-06-08T13:48:07.330Z] [worker-us-central1-sendEmail-c54f958c-c08e-41bf-9457-6c06c364be18]: BUSY {"metadata":{"emulator":{"name":"functions"},"function":{"name":"us-central1-sendEmail"},"extension":{},"message":"[worker-us-central1-sendEmail-c54f958c-c08e-41bf-9457-6c06c364be18]: BUSY"}}
[debug] [2024-06-08T13:48:08.976Z] Finishing up request with event=pause {"metadata":{"emulator":{"name":"functions"},"function":{"name":"us-central1-sendEmail"},"extension":{},"message":"Finishing up request with event=pause"}}
[info] i  functions: Finished "us-central1-sendEmail" in 1647.1041ms {"metadata":{"emulator":{"name":"functions"},"function":{"name":"us-central1-sendEmail"},"extension":{},"message":"Finished \"us-central1-sendEmail\" in 1647.1041ms"}}
[debug] [2024-06-08T13:48:08.977Z] [worker-us-central1-sendEmail-c54f958c-c08e-41bf-9457-6c06c364be18]: IDLE {"metadata":{"emulator":{"name":"functions"},"function":{"name":"us-central1-sendEmail"},"extension":{},"message":"[worker-us-central1-sendEmail-c54f958c-c08e-41bf-9457-6c06c364be18]: IDLE"}}
[debug] [2024-06-08T13:48:08.978Z] Finishing up request with event=finish {"metadata":{"emulator":{"name":"functions"},"function":{"name":"us-central1-sendEmail"},"extension":{},"message":"Finishing up request with event=finish"}}
[debug] [2024-06-08T13:48:08.978Z] Finishing up request with event=close {"metadata":{"emulator":{"name":"functions"},"function":{"name":"us-central1-sendEmail"},"extension":{},"message":"Finishing up request with event=close"}}
[debug] [2024-06-08T13:48:08.978Z] [work-queue] {"queuedWork":[],"queueLength":0,"runningWork":[],"workRunningCount":0}
[debug] [2024-06-08T13:48:09.005Z] Functions emulator received unknown request at path /favicon.ico
[debug] [2024-06-08T14:21:29.049Z] [work-queue] {"queuedWork":["/projet-pfe-b8307/us-central1/sendEmail-2024-06-08T14:21:29.049Z"],"queueLength":1,"runningWork":[],"workRunningCount":0}
[debug] [2024-06-08T14:21:29.050Z] [work-queue] {"queuedWork":[],"queueLength":0,"runningWork":["/projet-pfe-b8307/us-central1/sendEmail-2024-06-08T14:21:29.049Z"],"workRunningCount":1}
[debug] [2024-06-08T14:21:29.050Z] Accepted request GET /projet-pfe-b8307/us-central1/sendEmail --> us-central1-sendEmail
[debug] [2024-06-08T14:21:29.052Z] [functions] Runtime ready! Sending request! {"metadata":{"emulator":{"name":"functions"},"message":"[functions] Runtime ready! Sending request!"}}
[debug] [2024-06-08T14:21:29.052Z] [functions] Got req.url=/projet-pfe-b8307/us-central1/sendEmail, mapping to path=/ {"metadata":{"emulator":{"name":"functions"},"message":"[functions] Got req.url=/projet-pfe-b8307/us-central1/sendEmail, mapping to path=/"}}
[debug] [2024-06-08T14:21:29.053Z] [worker-pool] submitRequest(triggerId=us-central1-sendEmail) {"metadata":{"emulator":{"name":"functions"},"message":"[worker-pool] submitRequest(triggerId=us-central1-sendEmail)"}}
[info] i  functions: Beginning execution of "us-central1-sendEmail" {"metadata":{"emulator":{"name":"functions"},"function":{"name":"us-central1-sendEmail"},"extension":{},"message":"Beginning execution of \"us-central1-sendEmail\""}}
[debug] [2024-06-08T14:21:29.054Z] [worker-us-central1-sendEmail-c54f958c-c08e-41bf-9457-6c06c364be18]: BUSY {"metadata":{"emulator":{"name":"functions"},"function":{"name":"us-central1-sendEmail"},"extension":{},"message":"[worker-us-central1-sendEmail-c54f958c-c08e-41bf-9457-6c06c364be18]: BUSY"}}
[debug] [2024-06-08T14:21:30.538Z] Finishing up request with event=pause {"metadata":{"emulator":{"name":"functions"},"function":{"name":"us-central1-sendEmail"},"extension":{},"message":"Finishing up request with event=pause"}}
[info] i  functions: Finished "us-central1-sendEmail" in 1484.7226ms {"metadata":{"emulator":{"name":"functions"},"function":{"name":"us-central1-sendEmail"},"extension":{},"message":"Finished \"us-central1-sendEmail\" in 1484.7226ms"}}
[debug] [2024-06-08T14:21:30.539Z] [worker-us-central1-sendEmail-c54f958c-c08e-41bf-9457-6c06c364be18]: IDLE {"metadata":{"emulator":{"name":"functions"},"function":{"name":"us-central1-sendEmail"},"extension":{},"message":"[worker-us-central1-sendEmail-c54f958c-c08e-41bf-9457-6c06c364be18]: IDLE"}}
[debug] [2024-06-08T14:21:30.539Z] Finishing up request with event=finish {"metadata":{"emulator":{"name":"functions"},"function":{"name":"us-central1-sendEmail"},"extension":{},"message":"Finishing up request with event=finish"}}
[debug] [2024-06-08T14:21:30.539Z] Finishing up request with event=close {"metadata":{"emulator":{"name":"functions"},"function":{"name":"us-central1-sendEmail"},"extension":{},"message":"Finishing up request with event=close"}}
[debug] [2024-06-08T14:21:30.540Z] [work-queue] {"queuedWork":[],"queueLength":0,"runningWork":[],"workRunningCount":0}
[debug] [2024-06-08T14:22:37.810Z] File C:\Users\7amzaMh\Desktop\pfe2\functions\index.js changed, reloading triggers {"metadata":{"emulator":{"name":"functions"},"message":"File C:\\Users\\7amzaMh\\Desktop\\pfe2\\functions\\index.js changed, reloading triggers"}}
[debug] [2024-06-08T14:22:38.815Z] Validating nodejs source
[debug] [2024-06-08T14:22:40.375Z] > [functions] package.json contents: {
  "name": "functions",
  "description": "Cloud Functions for Firebase",
  "scripts": {
    "serve": "firebase emulators:start --only functions",
    "shell": "firebase functions:shell",
    "start": "npm run shell",
    "deploy": "firebase deploy --only functions",
    "logs": "firebase functions:log"
  },
  "engines": {
    "node": "18"
  },
  "main": "index.js",
  "dependencies": {
    "firebase-admin": "^12.1.0",
    "firebase-functions": "^5.0.0",
    "nodemailer": "^6.9.13"
  },
  "devDependencies": {
    "firebase-functions-test": "^3.1.0"
  },
  "private": true
}
[debug] [2024-06-08T14:22:40.375Z] Building nodejs source
[debug] [2024-06-08T14:22:40.375Z] Failed to find version of module node: reached end of search path C:\Users\7amzaMh\Desktop\pfe2\functions\node_modules
[warn] !  functions: Your requested "node" version "18" doesn't match your global version "20". Using node@20 from host. 
[debug] [2024-06-08T14:22:40.376Z] Could not find functions.yaml. Must use http discovery
[debug] [2024-06-08T14:22:40.383Z] Found firebase-functions binary at 'C:\Users\7amzaMh\Desktop\pfe2\functions\node_modules\.bin\firebase-functions'
[info] Serving at port 8759

[info] [2024-06-08 14:22:40] DEBUG Creating transport: nodemailer (6.9.13; +https://nodemailer.com/; SMTP/6.9.13[client:6.9.13])

[debug] [2024-06-08T14:22:40.896Z] Got response from /__/functions.yaml {"endpoints":{"sendEmail":{"platform":"gcfv1","availableMemoryMb":null,"timeoutSeconds":null,"minInstances":null,"maxInstances":null,"ingressSettings":null,"serviceAccountEmail":null,"vpc":null,"httpsTrigger":{},"entryPoint":"sendEmail"}},"specVersion":"v1alpha1","requiredAPIs":[]}
[debug] [2024-06-08T14:22:41.753Z] [work-queue] {"queuedWork":["/projet-pfe-b8307/us-central1/sendEmail-2024-06-08T14:22:41.753Z"],"queueLength":1,"runningWork":[],"workRunningCount":0}
[debug] [2024-06-08T14:22:41.753Z] [work-queue] {"queuedWork":[],"queueLength":0,"runningWork":["/projet-pfe-b8307/us-central1/sendEmail-2024-06-08T14:22:41.753Z"],"workRunningCount":1}
[debug] [2024-06-08T14:22:41.753Z] Accepted request GET /projet-pfe-b8307/us-central1/sendEmail --> us-central1-sendEmail
[debug] [2024-06-08T14:22:41.755Z] [functions] Runtime ready! Sending request! {"metadata":{"emulator":{"name":"functions"},"message":"[functions] Runtime ready! Sending request!"}}
[debug] [2024-06-08T14:22:41.755Z] [functions] Got req.url=/projet-pfe-b8307/us-central1/sendEmail, mapping to path=/ {"metadata":{"emulator":{"name":"functions"},"message":"[functions] Got req.url=/projet-pfe-b8307/us-central1/sendEmail, mapping to path=/"}}
[debug] [2024-06-08T14:22:41.755Z] [worker-pool] submitRequest(triggerId=us-central1-sendEmail) {"metadata":{"emulator":{"name":"functions"},"message":"[worker-pool] submitRequest(triggerId=us-central1-sendEmail)"}}
[info] i  functions: Beginning execution of "us-central1-sendEmail" {"metadata":{"emulator":{"name":"functions"},"function":{"name":"us-central1-sendEmail"},"extension":{},"message":"Beginning execution of \"us-central1-sendEmail\""}}
[debug] [2024-06-08T14:22:41.756Z] [worker-us-central1-sendEmail-c54f958c-c08e-41bf-9457-6c06c364be18]: BUSY {"metadata":{"emulator":{"name":"functions"},"function":{"name":"us-central1-sendEmail"},"extension":{},"message":"[worker-us-central1-sendEmail-c54f958c-c08e-41bf-9457-6c06c364be18]: BUSY"}}
[debug] [2024-06-08T14:22:43.250Z] Finishing up request with event=pause {"metadata":{"emulator":{"name":"functions"},"function":{"name":"us-central1-sendEmail"},"extension":{},"message":"Finishing up request with event=pause"}}
[info] i  functions: Finished "us-central1-sendEmail" in 1494.5376ms {"metadata":{"emulator":{"name":"functions"},"function":{"name":"us-central1-sendEmail"},"extension":{},"message":"Finished \"us-central1-sendEmail\" in 1494.5376ms"}}
[debug] [2024-06-08T14:22:43.251Z] [worker-us-central1-sendEmail-c54f958c-c08e-41bf-9457-6c06c364be18]: IDLE {"metadata":{"emulator":{"name":"functions"},"function":{"name":"us-central1-sendEmail"},"extension":{},"message":"[worker-us-central1-sendEmail-c54f958c-c08e-41bf-9457-6c06c364be18]: IDLE"}}
[debug] [2024-06-08T14:22:43.252Z] Finishing up request with event=finish {"metadata":{"emulator":{"name":"functions"},"function":{"name":"us-central1-sendEmail"},"extension":{},"message":"Finishing up request with event=finish"}}
[debug] [2024-06-08T14:22:43.252Z] Finishing up request with event=close {"metadata":{"emulator":{"name":"functions"},"function":{"name":"us-central1-sendEmail"},"extension":{},"message":"Finishing up request with event=close"}}
[debug] [2024-06-08T14:22:43.252Z] [work-queue] {"queuedWork":[],"queueLength":0,"runningWork":[],"workRunningCount":0}
[info] +  functions: Loaded functions definitions from source: sendEmail. {"metadata":{"emulator":{"name":"functions"},"message":"Loaded functions definitions from source: sendEmail."}}
[debug] [2024-06-08T14:22:45.920Z] [worker-pool] Shutting down IDLE worker (us-central1-sendEmail) {"metadata":{"emulator":{"name":"functions"},"message":"[worker-pool] Shutting down IDLE worker (us-central1-sendEmail)"}}
[debug] [2024-06-08T14:22:45.920Z] [worker-us-central1-sendEmail-c54f958c-c08e-41bf-9457-6c06c364be18]: FINISHING {"metadata":{"emulator":{"name":"functions"},"function":{"name":"us-central1-sendEmail"},"extension":{},"message":"[worker-us-central1-sendEmail-c54f958c-c08e-41bf-9457-6c06c364be18]: FINISHING"}}
[debug] [2024-06-08T14:22:45.928Z] [worker-us-central1-sendEmail-c54f958c-c08e-41bf-9457-6c06c364be18]: exited {"metadata":{"emulator":{"name":"functions"},"function":{"name":"us-central1-sendEmail"},"extension":{},"message":"[worker-us-central1-sendEmail-c54f958c-c08e-41bf-9457-6c06c364be18]: exited"}}
[debug] [2024-06-08T14:22:45.928Z] [worker-us-central1-sendEmail-c54f958c-c08e-41bf-9457-6c06c364be18]: FINISHED {"metadata":{"emulator":{"name":"functions"},"function":{"name":"us-central1-sendEmail"},"extension":{},"message":"[worker-us-central1-sendEmail-c54f958c-c08e-41bf-9457-6c06c364be18]: FINISHED"}}
[debug] [2024-06-08T14:24:07.011Z] File C:\Users\7amzaMh\Desktop\pfe2\functions\index.js changed, reloading triggers {"metadata":{"emulator":{"name":"functions"},"message":"File C:\\Users\\7amzaMh\\Desktop\\pfe2\\functions\\index.js changed, reloading triggers"}}
[debug] [2024-06-08T14:24:08.026Z] Validating nodejs source
[debug] [2024-06-08T14:24:09.349Z] > [functions] package.json contents: {
  "name": "functions",
  "description": "Cloud Functions for Firebase",
  "scripts": {
    "serve": "firebase emulators:start --only functions",
    "shell": "firebase functions:shell",
    "start": "npm run shell",
    "deploy": "firebase deploy --only functions",
    "logs": "firebase functions:log"
  },
  "engines": {
    "node": "18"
  },
  "main": "index.js",
  "dependencies": {
    "firebase-admin": "^12.1.0",
    "firebase-functions": "^5.0.0",
    "nodemailer": "^6.9.13"
  },
  "devDependencies": {
    "firebase-functions-test": "^3.1.0"
  },
  "private": true
}
[debug] [2024-06-08T14:24:09.350Z] Building nodejs source
[debug] [2024-06-08T14:24:09.350Z] Failed to find version of module node: reached end of search path C:\Users\7amzaMh\Desktop\pfe2\functions\node_modules
[warn] !  functions: Your requested "node" version "18" doesn't match your global version "20". Using node@20 from host. 
[debug] [2024-06-08T14:24:09.351Z] Could not find functions.yaml. Must use http discovery
[debug] [2024-06-08T14:24:09.356Z] Found firebase-functions binary at 'C:\Users\7amzaMh\Desktop\pfe2\functions\node_modules\.bin\firebase-functions'
[info] Serving at port 8410

[info] [2024-06-08 14:24:09] DEBUG Creating transport: nodemailer (6.9.13; +https://nodemailer.com/; SMTP/6.9.13[client:6.9.13])

[debug] [2024-06-08T14:24:09.828Z] Got response from /__/functions.yaml {"endpoints":{"sendEmail":{"platform":"gcfv1","availableMemoryMb":null,"timeoutSeconds":null,"minInstances":null,"maxInstances":null,"ingressSettings":null,"serviceAccountEmail":null,"vpc":null,"httpsTrigger":{},"entryPoint":"sendEmail"}},"specVersion":"v1alpha1","requiredAPIs":[]}
[info] +  functions: Loaded functions definitions from source: sendEmail. {"metadata":{"emulator":{"name":"functions"},"message":"Loaded functions definitions from source: sendEmail."}}
